current directory: /Users/pj/Documents/projects/money_prophet/vender/bundle/ruby/3.0.0/gems/msgpack-1.7.0/ext/msgpack
/Users/pj/.rbenv/versions/3.0.1/bin/ruby -I /Users/pj/.rbenv/versions/3.0.1/lib/ruby/3.0.0 -r ./siteconf20230503-30929-lty87d.rb extconf.rb
checking for ruby/st.h... yes
checking for st.h... no
checking for rb_enc_interned_str() in ruby.h... yes
checking for rb_hash_new_capa() in ruby.h... no
creating Makefile

current directory: /Users/pj/Documents/projects/money_prophet/vender/bundle/ruby/3.0.0/gems/msgpack-1.7.0/ext/msgpack
make DESTDIR\= clean

current directory: /Users/pj/Documents/projects/money_prophet/vender/bundle/ruby/3.0.0/gems/msgpack-1.7.0/ext/msgpack
make DESTDIR\=
compiling buffer.c
compiling buffer_class.c
compiling extension_value_class.c
compiling factory_class.c
compiling packer.c
compiling packer_class.c
compiling packer_ext_registry.c
compiling rbinit.c
compiling rmem.c
compiling unpacker.c
compiling unpacker_class.c
compiling unpacker_ext_registry.c
linking shared-object msgpack/msgpack.bundle
ld: warning: -undefined dynamic_lookup may not work with chained fixups

current directory: /Users/pj/Documents/projects/money_prophet/vender/bundle/ruby/3.0.0/gems/msgpack-1.7.0/ext/msgpack
make DESTDIR\= install
/usr/bin/install -c -m 0755 msgpack.bundle ./.gem.20230503-30929-6n6z00/msgpack
